<?xml version="1.0" encoding="UTF-8"?>
<testsuite name="com.notifai.ui.dashboard.DashboardViewModelTest" tests="7" skipped="0" failures="0" errors="0" timestamp="2026-05-10T12:15:07.123Z" hostname="albert" time="2.305">
  <properties/>
  <testcase name="dashboardStats initially emits Loading, then Success" classname="com.notifai.ui.dashboard.DashboardViewModelTest" time="1.808"/>
  <testcase name="dashboardStats handles errors by emitting Error state" classname="com.notifai.ui.dashboard.DashboardViewModelTest" time="0.114"/>
  <testcase name="refreshServiceStatus updates isServiceRunning value" classname="com.notifai.ui.dashboard.DashboardViewModelTest" time="0.081"/>
  <testcase name="recentNotifications limits to 20 items" classname="com.notifai.ui.dashboard.DashboardViewModelTest" time="0.083"/>
  <testcase name="checkServiceRunning returns true when component is in enabled_notification_listeners" classname="com.notifai.ui.dashboard.DashboardViewModelTest" time="0.072"/>
  <testcase name="blockedToday returns value from repository" classname="com.notifai.ui.dashboard.DashboardViewModelTest" time="0.073"/>
  <testcase name="checkServiceRunning returns false when component is not in enabled_notification_listeners" classname="com.notifai.ui.dashboard.DashboardViewModelTest" time="0.072"/>
  <system-out><![CDATA[]]></system-out>
  <system-err><![CDATA[]]></system-err>
</testsuite>
